<?xml version="1.0" encoding="UTF-8"?>
<testsuite xmlns:xsi="http://www.w3.org/2001/XMLSchema-instance" xsi:noNamespaceSchemaLocation="https://maven.apache.org/surefire/maven-surefire-plugin/xsd/surefire-test-report.xsd" name="com.arya.ProposalControllerTest" time="32.003" tests="7" errors="0" skipped="0" failures="0">
  <properties>
[...]
</properties>
  <testcase name="getProposalByDescriptionTest" classname="com.arya.ProposalControllerTest" time="0.051"/>
  <testcase name="insertProposalTest" classname="com.arya.ProposalControllerTest" time="0.155"/>
  <testcase name="getProposalBySummaryTest" classname="com.arya.ProposalControllerTest" time="0.038"/>
  <testcase name="getAllProposalTest" classname="com.arya.ProposalControllerTest" time="0.078"/>
  <testcase name="getProposalByOwnerTest" classname="com.arya.ProposalControllerTest" time="0.065"/>
  <testcase name="getProposalByPriorityTest" classname="com.arya.ProposalControllerTest" time="0.063"/>
  <testcase name="getProposalByNameTest" classname="com.arya.ProposalControllerTest" time="0.038"/>
</testsuite>